<?xml version="1.0" encoding="UTF-8"?>
<!-- Generated by org.testng.reporters.JUnitXMLReporter -->
<testsuite ignored="2" hostname="NODE2104" failures="0" tests="1" name="Default test" time="59.663" errors="0" timestamp="2023-01-18T23:47:02 IST">
  <testcase classname="GSPANN.Appium.Luma_Magento.testCases" name="orderProduct" time="59.291"/>
  <testcase classname="GSPANN.Appium.Luma_Magento.testCases" name="AddToWishList" time="0.0">
    <ignored/>
  </testcase> <!-- AddToWishList -->
  <testcase classname="GSPANN.Appium.Luma_Magento.testCases" name="createAccount" time="0.0">
    <ignored/>
  </testcase> <!-- createAccount -->
</testsuite> <!-- Default test -->
