<?xml version="1.0" encoding="UTF-8"?>
<testng-results ignored="2" total="3" passed="1" failed="0" skipped="0">
  <reporter-output>
  </reporter-output>
  <suite started-at="2023-01-18T23:46:03 IST" name="Default suite" finished-at="2023-01-18T23:47:02 IST" duration-ms="59663">
    <groups>
    </groups>
    <test started-at="2023-01-18T23:46:03 IST" name="Default test" finished-at="2023-01-18T23:47:02 IST" duration-ms="59663">
      <class name="GSPANN.Appium.Luma_Magento.testCases">
        <test-method is-config="true" signature="config()[pri:0, instance:GSPANN.Appium.Luma_Magento.testCases@7f485fda]" started-at="2023-01-18T23:46:03 IST" name="config" finished-at="2023-01-18T23:46:03 IST" duration-ms="330" status="PASS">
          <reporter-output>
          </reporter-output>
        </test-method> <!-- config -->
        <test-method signature="orderProduct()[pri:0, instance:GSPANN.Appium.Luma_Magento.testCases@7f485fda]" started-at="2023-01-18T23:46:03 IST" name="orderProduct" finished-at="2023-01-18T23:47:02 IST" duration-ms="59291" status="PASS">
          <reporter-output>
          </reporter-output>
        </test-method> <!-- orderProduct -->
      </class> <!-- GSPANN.Appium.Luma_Magento.testCases -->
    </test> <!-- Default test -->
  </suite> <!-- Default suite -->
</testng-results>
